{"C:\\Users\\kolmy\\OneDrive\\Рабочий стол\\Movie\\src\\Cart.ts": {"path":"C:\\Users\\kolmy\\OneDrive\\Рабочий стол\\Movie\\src\\Cart.ts","statementMap":{"0":{"start":{"line":4,"column":10},"end":{"line":4,"column":30}},"1":{"start":{"line":7,"column":4},"end":{"line":7,"column":26}},"2":{"start":{"line":11,"column":4},"end":{"line":11,"column":22}},"3":{"start":{"line":16,"column":4},"end":{"line":16,"column":69}},"4":{"start":{"line":16,"column":46},"end":{"line":16,"column":64}},"5":{"start":{"line":21,"column":23},"end":{"line":21,"column":43}},"6":{"start":{"line":22,"column":4},"end":{"line":22,"column":56}},"7":{"start":{"line":27,"column":4},"end":{"line":27,"column":59}},"8":{"start":{"line":27,"column":43},"end":{"line":27,"column":57}},"9":{"start":{"line":3,"column":0},"end":{"line":3,"column":13}}},"fnMap":{"0":{"name":"(anonymous_0)","decl":{"start":{"line":3,"column":0},"end":{"line":3,"column":13}},"loc":{"start":{"line":3,"column":0},"end":{"line":29,"column":1}}},"1":{"name":"(anonymous_1)","decl":{"start":{"line":6,"column":2},"end":{"line":6,"column":9}},"loc":{"start":{"line":6,"column":21},"end":{"line":8,"column":3}}},"2":{"name":"(anonymous_2)","decl":{"start":{"line":10,"column":2},"end":{"line":10,"column":10}},"loc":{"start":{"line":10,"column":10},"end":{"line":12,"column":3}}},"3":{"name":"(anonymous_3)","decl":{"start":{"line":14,"column":2},"end":{"line":14,"column":15}},"loc":{"start":{"line":14,"column":15},"end":{"line":17,"column":3}}},"4":{"name":"(anonymous_4)","decl":{"start":{"line":16,"column":29},"end":{"line":16,"column":30}},"loc":{"start":{"line":16,"column":46},"end":{"line":16,"column":64}}},"5":{"name":"(anonymous_5)","decl":{"start":{"line":19,"column":2},"end":{"line":19,"column":27}},"loc":{"start":{"line":19,"column":44},"end":{"line":23,"column":3}}},"6":{"name":"(anonymous_6)","decl":{"start":{"line":25,"column":2},"end":{"line":25,"column":16}},"loc":{"start":{"line":25,"column":27},"end":{"line":28,"column":3}}},"7":{"name":"(anonymous_7)","decl":{"start":{"line":27,"column":35},"end":{"line":27,"column":39}},"loc":{"start":{"line":27,"column":43},"end":{"line":27,"column":57}}}},"branchMap":{},"s":{"0":4,"1":8,"2":2,"3":4,"4":8,"5":3,"6":3,"7":2,"8":4,"9":1},"f":{"0":4,"1":8,"2":2,"3":4,"4":8,"5":3,"6":2,"7":4},"b":{}}
,"C:\\Users\\kolmy\\OneDrive\\Рабочий стол\\Movie\\src\\Movie.ts": {"path":"C:\\Users\\kolmy\\OneDrive\\Рабочий стол\\Movie\\src\\Movie.ts","statementMap":{"0":{"start":{"line":3,"column":13},"end":{"line":3,"column":23}},"1":{"start":{"line":4,"column":13},"end":{"line":4,"column":26}},"2":{"start":{"line":5,"column":13},"end":{"line":5,"column":25}},"3":{"start":{"line":6,"column":13},"end":{"line":6,"column":28}},"4":{"start":{"line":7,"column":13},"end":{"line":7,"column":28}},"5":{"start":{"line":8,"column":13},"end":{"line":8,"column":26}},"6":{"start":{"line":9,"column":13},"end":{"line":9,"column":29}},"7":{"start":{"line":10,"column":13},"end":{"line":10,"column":26}},"8":{"start":{"line":14,"column":6},"end":{"line":14,"column":118}},"9":{"start":{"line":1,"column":0},"end":{"line":1,"column":13}}},"fnMap":{"0":{"name":"(anonymous_1)","decl":{"start":{"line":13,"column":4},"end":{"line":13,"column":11}},"loc":{"start":{"line":13,"column":11},"end":{"line":15,"column":5}}}},"branchMap":{},"s":{"0":3,"1":3,"2":3,"3":3,"4":3,"5":3,"6":3,"7":3,"8":1,"9":2},"f":{"0":1},"b":{}}
}
